{
  "RSpec": {
    "coverage": {
      "/Users/josh/code/quiz_maker/app/controllers/answers_controller.rb": [
        1,
        null,
        1,
        5,
        5,
        5,
        1,
        null,
        4,
        4,
        null,
        null,
        null,
        1,
        2,
        2,
        1,
        null,
        null,
        1,
        2,
        2,
        1,
        1,
        1,
        1,
        null,
        0,
        null,
        null,
        null,
        1,
        3,
        3,
        3,
        3,
        3,
        null,
        0,
        null,
        null,
        null,
        1,
        null,
        1,
        4,
        null,
        null,
        1,
        4,
        4,
        3,
        null,
        1,
        null,
        null,
        null
      ],
      "/Users/josh/code/quiz_maker/app/controllers/application_controller.rb": [
        1,
        null,
        null,
        1,
        1,
        null,
        1,
        null,
        1,
        39,
        2,
        2,
        null,
        null,
        null
      ],
      "/Users/josh/code/quiz_maker/spec/controllers/choices_controller_spec.rb": [
        1,
        null,
        1,
        null,
        1,
        1,
        1,
        null,
        1,
        null,
        1,
        null,
        null,
        1,
        1,
        null,
        1,
        null,
        1,
        null,
        null,
        null,
        1,
        1,
        1,
        null,
        1,
        null,
        1,
        null,
        null,
        1,
        1,
        null,
        1,
        null,
        1,
        null,
        null,
        1,
        1,
        1,
        1,
        1,
        null,
        1,
        null,
        1,
        null,
        null,
        1,
        1,
        1,
        null,
        1,
        null,
        1,
        null,
        null,
        null,
        1,
        1,
        1,
        1,
        null,
        1,
        null,
        1,
        null,
        null,
        1,
        1,
        1,
        null,
        1,
        null,
        1,
        null,
        null,
        null,
        null,
        null,
        1,
        2,
        null,
        null,
        1,
        4,
        null,
        null,
        1,
        2,
        2,
        2,
        null,
        null,
        null
      ],
      "/Users/josh/code/quiz_maker/app/controllers/choices_controller.rb": [
        1,
        null,
        1,
        4,
        4,
        null,
        null,
        1,
        4,
        4,
        null,
        null,
        1,
        6,
        6,
        6,
        3,
        null,
        3,
        null,
        null,
        null,
        1,
        null,
        1,
        6,
        null,
        null,
        null
      ],
      "/Users/josh/code/quiz_maker/spec/controllers/outcomes_controller_spec.rb": [
        1,
        null,
        1,
        null,
        3,
        null,
        1,
        1,
        null,
        1,
        1,
        1,
        1,
        null,
        null,
        1,
        1,
        1,
        null,
        1,
        1,
        1,
        null,
        null,
        1,
        1,
        null,
        1,
        null,
        1,
        1,
        null,
        null,
        1,
        1,
        1,
        1,
        null,
        1,
        null,
        1,
        1,
        null,
        null,
        1,
        1,
        null,
        1,
        null,
        2,
        null,
        null,
        null
      ],
      "/Users/josh/code/quiz_maker/app/controllers/outcomes_controller.rb": [
        1,
        null,
        1,
        3,
        3,
        null,
        null,
        1,
        3,
        3,
        3,
        2,
        null,
        1,
        null,
        null,
        null,
        1,
        2,
        null,
        null,
        1,
        2,
        2,
        1,
        1,
        1,
        null,
        0,
        null,
        null,
        null,
        1,
        null,
        1,
        4,
        null,
        null,
        null
      ],
      "/Users/josh/code/quiz_maker/spec/controllers/questions_controller_spec.rb": [
        1,
        null,
        1,
        3,
        null,
        1,
        null,
        1,
        null,
        1,
        1,
        1,
        1,
        null,
        null,
        1,
        1,
        1,
        null,
        1,
        1,
        1,
        null,
        null,
        null
      ],
      "/Users/josh/code/quiz_maker/app/controllers/questions_controller.rb": [
        1,
        null,
        1,
        1,
        1,
        null,
        null,
        1,
        3,
        3,
        3,
        2,
        null,
        1,
        null,
        null,
        null,
        1,
        0,
        null,
        null,
        1,
        5,
        null,
        null,
        1,
        null,
        1,
        3,
        null,
        null
      ],
      "/Users/josh/code/quiz_maker/spec/controllers/quizzes_controller_spec.rb": [
        1,
        null,
        1,
        null,
        1,
        null,
        1,
        1,
        null,
        1,
        null,
        1,
        null,
        null,
        1,
        1,
        null,
        1,
        null,
        1,
        null,
        null,
        1,
        1,
        null,
        1,
        null,
        null,
        1,
        1,
        null,
        2,
        null,
        null,
        null,
        1,
        1,
        1,
        null,
        1,
        1,
        null,
        1,
        null,
        null,
        1,
        1,
        null,
        1,
        1,
        null,
        1,
        null,
        null,
        1,
        1,
        null,
        1,
        null,
        1,
        null,
        1,
        null,
        null,
        1,
        1,
        null,
        1,
        null,
        1,
        null,
        null,
        1,
        1,
        null,
        1,
        null,
        1,
        null,
        null,
        1,
        1,
        null,
        1,
        null,
        1,
        null,
        null,
        1,
        1,
        null,
        2,
        null,
        null,
        null,
        1,
        1,
        1,
        null,
        1,
        null,
        1,
        null,
        null,
        1,
        1,
        null,
        1,
        null,
        1,
        null,
        null,
        1,
        1,
        null,
        1,
        null,
        1,
        null,
        null,
        1,
        1,
        null,
        2,
        null,
        null,
        1,
        1,
        1,
        null,
        1,
        null,
        1,
        null,
        null,
        1,
        1,
        null,
        1,
        null,
        1,
        null,
        null,
        1,
        1,
        null,
        1,
        null,
        1,
        null,
        null,
        null,
        1,
        1,
        1,
        1,
        null,
        1,
        null,
        1,
        null,
        null,
        1,
        1,
        1,
        null,
        1,
        null,
        1,
        null,
        null,
        1,
        1,
        1,
        null,
        2,
        null,
        null,
        null,
        1,
        1,
        null,
        null,
        1,
        4,
        null,
        null,
        null
      ],
      "/Users/josh/code/quiz_maker/app/controllers/quizzes_controller.rb": [
        1,
        1,
        null,
        1,
        5,
        4,
        null,
        null,
        1,
        9,
        8,
        8,
        4,
        null,
        4,
        null,
        null,
        null,
        1,
        8,
        7,
        null,
        null,
        1,
        5,
        null,
        null,
        1,
        14,
        14,
        14,
        null,
        null,
        1,
        0,
        0,
        0,
        0,
        null,
        0,
        null,
        null,
        null,
        1,
        1,
        1,
        1,
        1,
        1,
        null,
        null,
        1,
        null,
        1,
        8,
        null,
        null,
        null
      ],
      "/Users/josh/code/quiz_maker/spec/controllers/results_controller_spec.rb": [
        1,
        null,
        1,
        null,
        1,
        1,
        1,
        1,
        1,
        null,
        null,
        1,
        null,
        1,
        null,
        1,
        1,
        null,
        null,
        null,
        null
      ],
      "/Users/josh/code/quiz_maker/app/controllers/results_controller.rb": [
        1,
        null,
        1,
        2,
        null,
        2,
        2,
        1,
        null,
        1,
        null,
        2,
        null,
        null,
        1,
        null,
        1,
        2,
        null,
        null
      ],
      "/Users/josh/code/quiz_maker/spec/controllers/weights_controller_spec.rb": [
        1,
        null,
        1,
        null,
        3,
        null,
        1,
        null,
        1,
        null,
        1,
        1,
        1,
        null,
        null,
        1,
        1,
        null,
        1,
        null,
        1,
        null,
        null,
        null
      ],
      "/Users/josh/code/quiz_maker/app/controllers/weights_controller.rb": [
        1,
        null,
        1,
        2,
        2,
        2,
        null,
        null,
        1,
        1,
        1,
        1,
        1,
        null,
        0,
        null,
        null,
        null,
        1,
        null,
        1,
        1,
        null,
        null,
        null
      ],
      "/Users/josh/code/quiz_maker/spec/features/admin_adds_answer_to_question_spec.rb": [
        1,
        null,
        1,
        1,
        2,
        null,
        null,
        3,
        null,
        1,
        1,
        null,
        1,
        1,
        1,
        null,
        1,
        null,
        null,
        null,
        1,
        1,
        null,
        1,
        1,
        null,
        1,
        1,
        null,
        null,
        null
      ],
      "/Users/josh/code/quiz_maker/spec/features/admin_adds_outcome_to_quiz_spec.rb": [
        1,
        null,
        1,
        null,
        1,
        2,
        2,
        null,
        null,
        3,
        null,
        1,
        1,
        null,
        1,
        1,
        1,
        1,
        1,
        null,
        1,
        1,
        null,
        null,
        1,
        null,
        1,
        1,
        null,
        1,
        null,
        1,
        null,
        null,
        null,
        null
      ],
      "/Users/josh/code/quiz_maker/spec/features/admin_adds_question_to_quiz_spec.rb": [
        1,
        null,
        1,
        null,
        1,
        2,
        2,
        null,
        null,
        3,
        null,
        1,
        1,
        1,
        null,
        1,
        1,
        null,
        1,
        1,
        null,
        null,
        1,
        1,
        1,
        null,
        1,
        1,
        null,
        null,
        null
      ],
      "/Users/josh/code/quiz_maker/spec/features/admin_adds_weight_to_answer_spec.rb": [
        1,
        null,
        1,
        null,
        2,
        null,
        1,
        null,
        1,
        1,
        null,
        null,
        null,
        null,
        null
      ],
      "/Users/josh/code/quiz_maker/spec/features/admin_creates_quiz_spec.rb": [
        1,
        null,
        1,
        null,
        2,
        null,
        1,
        1,
        null,
        1,
        1,
        1,
        1,
        1,
        null,
        1,
        null,
        1,
        1,
        1,
        null,
        null,
        1,
        1,
        null,
        1,
        1,
        null,
        1,
        null,
        1,
        null,
        null,
        null,
        null,
        null
      ],
      "/Users/josh/code/quiz_maker/spec/features/admin_edits_answer_from_question_spec.rb": [
        1,
        null,
        1,
        null,
        2,
        2,
        null,
        1,
        null,
        1,
        1,
        null,
        null,
        null,
        null
      ],
      "/Users/josh/code/quiz_maker/spec/features/admin_edits_outcome_from_quiz_spec.rb": [
        1,
        null,
        1,
        null,
        1,
        1,
        1,
        null,
        null,
        2,
        2,
        null,
        1,
        null,
        1,
        1,
        null,
        null,
        null,
        null,
        null
      ],
      "/Users/josh/code/quiz_maker/spec/features/admin_edits_question_from_quiz_spec.rb": [
        1,
        null,
        1,
        null,
        1,
        1,
        null,
        null,
        2,
        2,
        null,
        1,
        null,
        1,
        1,
        null,
        null,
        null,
        null,
        null,
        null
      ],
      "/Users/josh/code/quiz_maker/spec/features/admin_edits_quiz_from_home_spec.rb": [
        1,
        null,
        1,
        null,
        1,
        1,
        null,
        null,
        2,
        null,
        1,
        1,
        1,
        null,
        null,
        null,
        null,
        null
      ],
      "/Users/josh/code/quiz_maker/spec/features/admin_logs_in_spec.rb": [
        1,
        null,
        1,
        null,
        1,
        1,
        null,
        1,
        1,
        1,
        1,
        null,
        1,
        null,
        null,
        null
      ],
      "/Users/josh/code/quiz_maker/spec/features/admin_reorders_questions_spec.rb": [
        1,
        null,
        null,
        1,
        1,
        null,
        1,
        null,
        null
      ],
      "/Users/josh/code/quiz_maker/spec/features/complete_quiz_spec.rb": [
        1,
        null,
        1,
        null,
        1,
        1,
        null,
        1,
        1,
        null,
        1,
        null,
        null,
        1,
        1,
        1,
        1,
        1,
        null,
        null,
        null,
        1,
        1,
        null,
        1,
        1,
        null,
        null,
        null,
        1,
        1,
        1,
        1,
        null,
        null,
        1,
        2,
        2,
        null,
        null,
        1,
        2,
        null,
        null,
        null
      ],
      "/Users/josh/code/quiz_maker/spec/features/delete_choice_spec.rb": [
        1,
        null,
        1,
        1,
        null,
        1,
        null
      ],
      "/Users/josh/code/quiz_maker/spec/features/delete_question_spec.rb": [
        1,
        null,
        1,
        null,
        1,
        null,
        1,
        null,
        null
      ],
      "/Users/josh/code/quiz_maker/spec/features/delete_quiz_spec.rb": [
        1,
        null,
        1,
        null,
        1,
        1,
        1,
        null,
        1,
        1,
        null,
        1,
        null,
        null,
        1,
        null
      ],
      "/Users/josh/code/quiz_maker/spec/features/delete_weight_spec.rb": [
        1,
        null,
        1,
        1,
        null,
        1,
        null
      ],
      "/Users/josh/code/quiz_maker/spec/features/user_cannot_edit_quiz_spec.rb": [
        1,
        null,
        1,
        null,
        1,
        1,
        null,
        1,
        null,
        1,
        null,
        null,
        null
      ],
      "/Users/josh/code/quiz_maker/spec/lib/question_state_spec.rb": [
        1,
        null,
        1,
        1,
        1,
        1,
        1,
        null,
        null
      ],
      "/Users/josh/code/quiz_maker/app/lib/question_state.rb": [
        1,
        1,
        null,
        null,
        1,
        1,
        null,
        1,
        3,
        3,
        3,
        null,
        null,
        1,
        2,
        null,
        null,
        1,
        5,
        null,
        null,
        1,
        4,
        null,
        null
      ],
      "/Users/josh/code/quiz_maker/lib/choice_state.rb": [
        1,
        1,
        1,
        2,
        2,
        2,
        null,
        null
      ],
      "/Users/josh/code/quiz_maker/spec/lib/quiz_state_spec.rb": [
        1,
        null,
        1,
        1,
        null,
        1,
        1,
        null,
        null,
        null,
        1,
        null,
        3,
        1,
        null,
        null,
        1,
        1,
        null,
        null,
        1,
        1,
        1,
        null,
        null,
        null,
        null,
        1,
        null,
        null,
        1,
        2,
        1,
        null,
        null,
        1,
        0,
        null,
        null
      ],
      "/Users/josh/code/quiz_maker/app/lib/quiz_state.rb": [
        1,
        null,
        1,
        null,
        1,
        2,
        null,
        null,
        1,
        1,
        1,
        1,
        1,
        null,
        1,
        null,
        2,
        null,
        null,
        1,
        1,
        null,
        null,
        1,
        3,
        null,
        null,
        1,
        3,
        null,
        null,
        1,
        2,
        null,
        null,
        1,
        1,
        null,
        null,
        1,
        1,
        null,
        null,
        null
      ],
      "/Users/josh/code/quiz_maker/spec/models/choice_spec.rb": [
        1,
        null,
        1,
        null,
        1,
        2,
        null,
        null,
        null,
        1,
        1,
        null,
        1,
        null,
        null,
        1,
        1,
        null,
        1,
        null,
        null,
        null
      ],
      "/Users/josh/code/quiz_maker/app/models/choice.rb": [
        1,
        1,
        1,
        1,
        1,
        1,
        1,
        null,
        1,
        0,
        null,
        null,
        null
      ],
      "/Users/josh/code/quiz_maker/spec/models/outcome_spec.rb": [
        1,
        null,
        1,
        null,
        2,
        null,
        1,
        null,
        2,
        null,
        null,
        null,
        1,
        1,
        null,
        1,
        null,
        null,
        1,
        1,
        null,
        1,
        null,
        null,
        null
      ],
      "/Users/josh/code/quiz_maker/app/models/outcome.rb": [
        1,
        1,
        1,
        1,
        1,
        1,
        null
      ],
      "/Users/josh/code/quiz_maker/spec/models/question_spec.rb": [
        1,
        null,
        1,
        null,
        1,
        2,
        null,
        null,
        1,
        null,
        1,
        null,
        1,
        null,
        null,
        null,
        1,
        null,
        1,
        null,
        1,
        null,
        null,
        null,
        1,
        1,
        1,
        1,
        null,
        1,
        1,
        null,
        null,
        null,
        null
      ],
      "/Users/josh/code/quiz_maker/app/models/question.rb": [
        1,
        1,
        1,
        1,
        1,
        1,
        1,
        1,
        1,
        null,
        1,
        1,
        null,
        null,
        1,
        4,
        null,
        null,
        1,
        4,
        null,
        null,
        1,
        37,
        37,
        null,
        null
      ],
      "/Users/josh/code/quiz_maker/spec/models/quiz_spec.rb": [
        1,
        null,
        1,
        null,
        1,
        2,
        null,
        null,
        1,
        1,
        null,
        1,
        null,
        null,
        1,
        1,
        null,
        1,
        null,
        null,
        1,
        1,
        1,
        null,
        1,
        null,
        1,
        1,
        null,
        null,
        1,
        1,
        1,
        1,
        null,
        1,
        null,
        null,
        1,
        1,
        null,
        1,
        null,
        null,
        1,
        1,
        1,
        null,
        1,
        null,
        null,
        1,
        1,
        null,
        1,
        null,
        null
      ],
      "/Users/josh/code/quiz_maker/app/models/quiz.rb": [
        1,
        1,
        1,
        1,
        1,
        1,
        1,
        1,
        null,
        3,
        null,
        1,
        1,
        null,
        null,
        1,
        1,
        1,
        1,
        2,
        2,
        1,
        null,
        1,
        null,
        null,
        null,
        1,
        1,
        1,
        1,
        null,
        0,
        0,
        null,
        null,
        null,
        1,
        2,
        null,
        null,
        1,
        1,
        null,
        null,
        1,
        null,
        1,
        1,
        null,
        null,
        1,
        0,
        null,
        null,
        1,
        2,
        null,
        null,
        1,
        0,
        null,
        null,
        null,
        null
      ],
      "/Users/josh/code/quiz_maker/spec/models/result_spec.rb": [
        1,
        null,
        1,
        1,
        2,
        null,
        null,
        1,
        1,
        null,
        1,
        null,
        null,
        1,
        1,
        null,
        1,
        null,
        null,
        1,
        1,
        1,
        1,
        1,
        1,
        1,
        1,
        1,
        1,
        null,
        1,
        null,
        null,
        1,
        1,
        1,
        1,
        1,
        1,
        1,
        1,
        1,
        1,
        null,
        1,
        null,
        null,
        null
      ],
      "/Users/josh/code/quiz_maker/app/models/result.rb": [
        1,
        1,
        1,
        1,
        1,
        1,
        null,
        1,
        2,
        2,
        2,
        2,
        null,
        null
      ],
      "/Users/josh/code/quiz_maker/spec/models/user_spec.rb": [
        1,
        null,
        1,
        null,
        null,
        1,
        null,
        2,
        null,
        null,
        null,
        1,
        null,
        1,
        null,
        1,
        null,
        null,
        null,
        null
      ],
      "/Users/josh/code/quiz_maker/spec/models/weight_spec.rb": [
        1,
        null,
        1,
        null,
        1,
        2,
        null,
        null,
        1,
        1,
        null,
        1,
        null,
        null,
        1,
        1,
        null,
        1,
        null,
        null,
        1,
        1,
        null,
        1,
        null,
        null,
        null
      ],
      "/Users/josh/code/quiz_maker/app/models/weight.rb": [
        1,
        1,
        1,
        1,
        1,
        1,
        null,
        null,
        null
      ],
      "/Users/josh/code/quiz_maker/spec/policies/application_policy_spec.rb": [
        1,
        null,
        1,
        null,
        1,
        1,
        1,
        1,
        null,
        1,
        null,
        null,
        null,
        1,
        1,
        1,
        1,
        null,
        1,
        null,
        null,
        null,
        1,
        1,
        1,
        1,
        null,
        1,
        null,
        null,
        null,
        1,
        1,
        1,
        1,
        null,
        1,
        null,
        null,
        null,
        1,
        1,
        1,
        1,
        null,
        1,
        null,
        null,
        null,
        1,
        1,
        1,
        1,
        null,
        1,
        null,
        null,
        null
      ],
      "/Users/josh/code/quiz_maker/app/policies/application_policy.rb": [
        1,
        1,
        null,
        1,
        49,
        49,
        49,
        null,
        null,
        1,
        1,
        null,
        null,
        1,
        1,
        null,
        null,
        1,
        2,
        null,
        null,
        1,
        1,
        null,
        null,
        1,
        1,
        null,
        null,
        1,
        3,
        null,
        null,
        1,
        1,
        null,
        null,
        1,
        0,
        null,
        null,
        1,
        1,
        null,
        1,
        0,
        0,
        null,
        null,
        1,
        0,
        null,
        null,
        null
      ],
      "/Users/josh/code/quiz_maker/app/models/answer.rb": [
        1,
        1,
        1,
        1,
        1,
        1,
        1,
        null,
        1,
        11,
        11,
        0,
        null,
        null,
        null
      ],
      "/Users/josh/code/quiz_maker/app/policies/answer_policy.rb": [
        1,
        null,
        1,
        4,
        4,
        4,
        null,
        null,
        1,
        4,
        null,
        null,
        null
      ],
      "/Users/josh/code/quiz_maker/app/policies/outcome_policy.rb": [
        1,
        null,
        1,
        2,
        2,
        2,
        null,
        null,
        1,
        2,
        null,
        null,
        null
      ],
      "/Users/josh/code/quiz_maker/app/policies/quiz_policy.rb": [
        1,
        null,
        1,
        37,
        37,
        37,
        null,
        null,
        1,
        14,
        null,
        null,
        1,
        0,
        null,
        null,
        1,
        5,
        null,
        null,
        1,
        9,
        null,
        null,
        1,
        8,
        null,
        null,
        1,
        1,
        null,
        null
      ]
    },
    "timestamp": 1457640978
  }
}
